[
  {
    "reason": "Продукт с SKU RT1-B не найден"
  },
  {
    "reason": "Продукт с SKU M1S-B не найден"
  },
  {
    "reason": "Продукт с SKU M3S-B не найден"
  },
  {
    "reason": "Продукт с SKU M4S-B не найден"
  },
  {
    "reason": "Продукт с SKU TM1-B не найден"
  },
  {
    "reason": "Продукт с SKU M2-B не найден"
  },
  {
    "reason": "Продукт с SKU M2S-B не найден"
  },
  {
    "reason": "Продукт с SKU M15-W не найден"
  },
  {
    "reason": "Продукт с SKU M15-B не найден"
  },
  {
    "reason": "Продукт с SKU D4A-G не найден"
  },
  {
    "reason": "Продукт с SKU KOR-610S не найден"
  },
  {
    "reason": "Продукт с SKU KOR-810S не найден"
  },
  {
    "reason": "Продукт с SKU DE74-00027A не найден"
  },
  {
    "reason": "Продукт с SKU DE74-20102 не найден"
  },
  {
    "reason": "Продукт с SKU K3D-W не найден"
  },
  {
    "reason": "Продукт с SKU K2D-W не найден"
  },
  {
    "reason": "Продукт с SKU DS-01-S не найден"
  },
  {
    "reason": "Продукт с SKU NP28-B не найден"
  },
  {
    "reason": "Продукт с SKU TS2210-B не найден"
  },
  {
    "reason": "Продукт с SKU TS3811-B не найден"
  },
  {
    "reason": "Продукт с SKU UT9-B не найден"
  },
  {
    "reason": "Продукт с SKU D221FS-B не найден"
  },
  {
    "reason": "Продукт с SKU CPRO2L-3-B не найден"
  },
  {
    "reason": "Продукт с SKU CPRO2L-4-B не найден"
  },
  {
    "reason": "Продукт с SKU N3L-B не найден"
  },
  {
    "reason": "Продукт с SKU N4L-B не найден"
  },
  {
    "reason": "Продукт с SKU D208FS-B не найден"
  },
  {
    "reason": "Продукт с SKU CM1-W не найден"
  },
  {
    "reason": "Продукт с SKU NP40-B не найден"
  },
  {
    "reason": "Продукт с SKU SN12-B не найден"
  },
  {
    "reason": "Продукт с SKU SN14-B не найден"
  },
  {
    "reason": "Продукт с SKU SN16-B не найден"
  },
  {
    "reason": "Продукт с SKU NN31-B не найден"
  },
  {
    "reason": "Продукт с SKU NP13-B не найден"
  },
  {
    "reason": "Продукт с SKU NP25-B не найден"
  },
  {
    "reason": "Продукт с SKU FAV-1-B не найден"
  },
  {
    "reason": "Продукт с SKU AAV-1-B не найден"
  },
  {
    "reason": "Продукт с SKU NP14-B не найден"
  },
  {
    "reason": "Продукт с SKU TS1330-B не найден"
  },
  {
    "reason": "Продукт с SKU CM3-B не найден"
  },
  {
    "reason": "Продукт с SKU CM3-W не найден"
  },
  {
    "reason": "Продукт с SKU ATL-1881-B не найден"
  },
  {
    "reason": "Продукт с SKU D5A-G не найден"
  },
  {
    "reason": "Продукт с SKU 3390W1G005A не найден"
  },
  {
    "reason": "Продукт с SKU ER245BD не найден"
  },
  {
    "reason": "Продукт с SKU NN24-B не найден"
  },
  {
    "reason": "Продукт с SKU NP44-B не найден"
  },
  {
    "reason": "Продукт с SKU NN22-B не найден"
  },
  {
    "reason": "Продукт с SKU SN22-B не найден"
  },
  {
    "reason": "Продукт с SKU TS1551-L не найден"
  },
  {
    "reason": "Продукт с SKU ATL-1551-B не найден"
  },
  {
    "reason": "Продукт с SKU DN-01-S не найден"
  },
  {
    "reason": "Продукт с SKU DN-02-S не найден"
  },
  {
    "reason": "Продукт с SKU AWL-75-B не найден"
  },
  {
    "reason": "Продукт с SKU AWL-75-W не найден"
  },
  {
    "reason": "Продукт с SKU FSPRO1L-33-B не найден"
  },
  {
    "reason": "Продукт с SKU APP-1881-B не найден"
  },
  {
    "reason": "Продукт с SKU FPRO2L-20-B не найден"
  },
  {
    "reason": "Продукт с SKU APT-1551-B не найден"
  },
  {
    "reason": "Продукт с SKU APT-1881-B не найден"
  },
  {
    "reason": "Продукт с SKU SN31-B не найден"
  },
  {
    "reason": "Продукт с SKU TS1881DV-B не найден"
  },
  {
    "reason": "Продукт с SKU TS1881DV-W не найден"
  },
  {
    "reason": "Продукт с SKU UM7-B не найден"
  },
  {
    "reason": "Продукт с SKU R2-W не найден"
  },
  {
    "reason": "Продукт с SKU R4-W не найден"
  },
  {
    "reason": "Продукт с SKU GM25-G не найден"
  },
  {
    "reason": "Продукт с SKU BPF32X1 не найден"
  },
  {
    "reason": "Продукт с SKU FME-22B не найден"
  },
  {
    "reason": "Продукт с SKU TME-22B не найден"
  },
  {
    "reason": "Продукт с SKU FME-44B не найден"
  },
  {
    "reason": "Продукт с SKU TME-44B не найден"
  },
  {
    "reason": "Продукт с SKU FME-64B не найден"
  },
  {
    "reason": "Продукт с SKU TME-64B не найден"
  },
  {
    "reason": "Продукт с SKU A2N-B не найден"
  },
  {
    "reason": "Продукт с SKU MW400-W не найден"
  },
  {
    "reason": "Продукт с SKU MW400-B не найден"
  },
  {
    "reason": "Продукт с SKU TS5551-B не найден"
  },
  {
    "reason": "Продукт с SKU NWS-SC24 не найден"
  },
  {
    "reason": "Продукт с SKU MS80-B не найден"
  },
  {
    "reason": "Продукт с SKU CP3-4 не найден"
  },
  {
    "reason": "Продукт с SKU GJSM1-2X3-4 не найден"
  },
  {
    "reason": "Продукт с SKU FSHS12Х1-2 не найден"
  },
  {
    "reason": "Продукт с SKU FRT1-2 не найден"
  },
  {
    "reason": "Продукт с SKU CP1-2 не найден"
  },
  {
    "reason": "Продукт с SKU CPH1-2Х3-4 не найден"
  },
  {
    "reason": "Продукт с SKU CPH1-2Х3-8 не найден"
  },
  {
    "reason": "Продукт с SKU PT4-B не найден"
  },
  {
    "reason": "Продукт с SKU NWS-SC27-B не найден"
  },
  {
    "reason": "Продукт с SKU H11-G не найден"
  },
  {
    "reason": "Продукт с SKU H1-G не найден"
  },
  {
    "reason": "Продукт с SKU SM6-BW не найден"
  },
  {
    "reason": "Продукт с SKU LMG8-W не найден"
  },
  {
    "reason": "Продукт с SKU G160-B-VP не найден"
  },
  {
    "reason": "Продукт с SKU G160-W-VP не найден"
  },
  {
    "reason": "Продукт с SKU D101E-B-VP не найден"
  },
  {
    "reason": "Продукт с SKU D208FS-B-OLD не найден"
  },
  {
    "reason": "Продукт с SKU D221E-B-VP не найден"
  },
  {
    "reason": "Продукт с SKU D101FS-B-VP не найден"
  },
  {
    "reason": "Продукт с SKU D121E-B-VP не найден"
  },
  {
    "reason": "Продукт с SKU D208E-B-VP не найден"
  },
  {
    "reason": "Продукт с SKU G80-B-NEW не найден"
  },
  {
    "reason": "Продукт с SKU G110-BW не найден"
  },
  {
    "reason": "Продукт с SKU G110-BW__OLD не найден"
  }
]