[
  {
    "productId": 10,
    "reason": "Продукт с SKU RT1-B не найден"
  },
  {
    "productId": 12,
    "reason": "Продукт с SKU N1L-B не найден"
  },
  {
    "productId": 14,
    "reason": "Продукт с SKU A2V-B не найден"
  },
  {
    "productId": 17,
    "reason": "Продукт с SKU M1S-B не найден"
  },
  {
    "productId": 23,
    "reason": "Продукт с SKU TM1-B не найден"
  },
  {
    "productId": 28,
    "reason": "Продукт с SKU G100-S не найден"
  },
  {
    "productId": 34,
    "reason": "Продукт с SKU K5A-W не найден"
  },
  {
    "productId": 36,
    "reason": "Продукт с SKU M2S-B не найден"
  },
  {
    "productId": 39,
    "reason": "Продукт с SKU M5-B не найден"
  },
  {
    "productId": 41,
    "reason": "Продукт с SKU M6L-B не найден"
  },
  {
    "productId": 43,
    "reason": "Продукт с SKU M15-W не найден"
  },
  {
    "productId": 44,
    "reason": "Продукт с SKU M15-B не найден"
  },
  {
    "productId": 45,
    "reason": "Продукт с SKU N2L-B не найден"
  },
  {
    "productId": 73,
    "reason": "Продукт с SKU D4A-G не найден"
  },
  {
    "productId": 74,
    "reason": "Продукт с SKU KOR-610S не найден"
  },
  {
    "productId": 75,
    "reason": "Продукт с SKU KOR-810S не найден"
  },
  {
    "productId": 77,
    "reason": "Продукт с SKU DE74-00027A не найден"
  },
  {
    "productId": 78,
    "reason": "Продукт с SKU DE74-20102 не найден"
  },
  {
    "productId": 83,
    "reason": "Продукт с SKU K3D-W не найден"
  },
  {
    "productId": 84,
    "reason": "Продукт с SKU K2D-W не найден"
  },
  {
    "productId": 86,
    "reason": "Продукт с SKU A3N-B не найден"
  },
  {
    "productId": 134,
    "reason": "Продукт с SKU DS-01-S не найден"
  },
  {
    "productId": 149,
    "reason": "Продукт с SKU NP28-B не найден"
  },
  {
    "productId": 152,
    "reason": "Продукт с SKU UT9-B не найден"
  },
  {
    "productId": 157,
    "reason": "Продукт с SKU D221FS-B не найден"
  },
  {
    "productId": 160,
    "reason": "Продукт с SKU PRO7G-B не найден"
  },
  {
    "productId": 162,
    "reason": "Продукт с SKU CPRO2L-3-B не найден"
  },
  {
    "productId": 163,
    "reason": "Продукт с SKU CPRO2L-4-B не найден"
  },
  {
    "productId": 164,
    "reason": "Продукт с SKU N3L-B не найден"
  },
  {
    "productId": 165,
    "reason": "Продукт с SKU N4L-B не найден"
  },
  {
    "productId": 166,
    "reason": "Продукт с SKU CR1S-B не найден"
  },
  {
    "productId": 167,
    "reason": "Продукт с SKU D208FS-B не найден"
  },
  {
    "productId": 168,
    "reason": "Продукт с SKU CM1-B не найден"
  },
  {
    "productId": 169,
    "reason": "Продукт с SKU CM1-W не найден"
  },
  {
    "productId": 213,
    "reason": "Продукт с SKU SN12-B не найден"
  },
  {
    "productId": 215,
    "reason": "Продукт с SKU SN16-B не найден"
  },
  {
    "productId": 216,
    "reason": "Продукт с SKU NN31-B не найден"
  },
  {
    "productId": 217,
    "reason": "Продукт с SKU NP13-B не найден"
  },
  {
    "productId": 218,
    "reason": "Продукт с SKU NP25-B не найден"
  },
  {
    "productId": 219,
    "reason": "Продукт с SKU FAV-1-B не найден"
  },
  {
    "productId": 220,
    "reason": "Продукт с SKU AAV-1-B не найден"
  },
  {
    "productId": 227,
    "reason": "Продукт с SKU NP14-B не найден"
  },
  {
    "productId": 228,
    "reason": "Продукт с SKU NP15-B не найден"
  },
  {
    "productId": 239,
    "reason": "Продукт с SKU K3A-W не найден"
  },
  {
    "productId": 249,
    "reason": "Продукт с SKU CM3-B не найден"
  },
  {
    "productId": 289,
    "reason": "Продукт с SKU NP28-W не найден"
  },
  {
    "productId": 292,
    "reason": "Продукт с SKU ATL-1881-B не найден"
  },
  {
    "productId": 293,
    "reason": "Продукт с SKU D5A-G не найден"
  },
  {
    "productId": 294,
    "reason": "Продукт с SKU 3390W1G005A не найден"
  },
  {
    "productId": 295,
    "reason": "Продукт с SKU ER245BD не найден"
  },
  {
    "productId": 301,
    "reason": "Продукт с SKU NP44-B не найден"
  },
  {
    "productId": 306,
    "reason": "Продукт с SKU SN22-B не найден"
  },
  {
    "productId": 325,
    "reason": "Продукт с SKU TS1551-R не найден"
  },
  {
    "productId": 326,
    "reason": "Продукт с SKU TS1551-L не найден"
  },
  {
    "productId": 327,
    "reason": "Продукт с SKU ATL-1551-B не найден"
  },
  {
    "productId": 330,
    "reason": "Продукт с SKU DN-01-S не найден"
  },
  {
    "productId": 331,
    "reason": "Продукт с SKU DN-02-S не найден"
  },
  {
    "productId": 332,
    "reason": "Продукт с SKU AWL-75-B не найден"
  },
  {
    "productId": 333,
    "reason": "Продукт с SKU AWL-75-W не найден"
  },
  {
    "productId": 338,
    "reason": "Продукт с SKU FSPRO1L-33-B не найден"
  },
  {
    "productId": 347,
    "reason": "Продукт с SKU APP-1881-B не найден"
  },
  {
    "productId": 348,
    "reason": "Продукт с SKU FPRO2L-20-B не найден"
  },
  {
    "productId": 350,
    "reason": "Продукт с SKU APT-1551-B не найден"
  },
  {
    "productId": 351,
    "reason": "Продукт с SKU APT-1881-B не найден"
  },
  {
    "productId": 359,
    "reason": "Продукт с SKU UM7-B не найден"
  },
  {
    "productId": 361,
    "reason": "Продукт с SKU R2-W не найден"
  },
  {
    "productId": 362,
    "reason": "Продукт с SKU R4-W не найден"
  },
  {
    "productId": 364,
    "reason": "Продукт с SKU N1L-W не найден"
  },
  {
    "productId": 437,
    "reason": "Продукт с SKU TS5065-B не найден"
  },
  {
    "productId": 446,
    "reason": "Продукт с SKU BPF32X1 не найден"
  },
  {
    "productId": 447,
    "reason": "Продукт с SKU FME-22B не найден"
  },
  {
    "productId": 448,
    "reason": "Продукт с SKU TME-22B не найден"
  },
  {
    "productId": 449,
    "reason": "Продукт с SKU FME-44B не найден"
  },
  {
    "productId": 450,
    "reason": "Продукт с SKU TME-44B не найден"
  },
  {
    "productId": 451,
    "reason": "Продукт с SKU FME-64B не найден"
  },
  {
    "productId": 452,
    "reason": "Продукт с SKU TME-64B не найден"
  },
  {
    "productId": 471,
    "reason": "Продукт с SKU A2N-B не найден"
  },
  {
    "productId": 472,
    "reason": "Продукт с SKU MW400-W не найден"
  },
  {
    "productId": 473,
    "reason": "Продукт с SKU MW400-B не найден"
  },
  {
    "productId": 474,
    "reason": "Продукт с SKU TS5551-B не найден"
  },
  {
    "productId": 478,
    "reason": "Продукт с SKU TS5060-B не найден"
  },
  {
    "productId": 486,
    "reason": "Продукт с SKU WDF221E-B не найден"
  },
  {
    "productId": 487,
    "reason": "Продукт с SKU WDF221E-W не найден"
  },
  {
    "productId": 488,
    "reason": "Продукт с SKU WDT221E-W не найден"
  },
  {
    "productId": 489,
    "reason": "Продукт с SKU WDT221E-B не найден"
  },
  {
    "productId": 492,
    "reason": "Продукт с SKU CDF222E-W не найден"
  },
  {
    "productId": 493,
    "reason": "Продукт с SKU CDF222E-B не найден"
  },
  {
    "productId": 496,
    "reason": "Продукт с SKU NWS-SC24 не найден"
  },
  {
    "productId": 499,
    "reason": "Продукт с SKU MS80-B не найден"
  },
  {
    "productId": 505,
    "reason": "Продукт с SKU CP3-4 не найден"
  },
  {
    "productId": 506,
    "reason": "Продукт с SKU HC12-16 не найден"
  },
  {
    "productId": 507,
    "reason": "Продукт с SKU HC12-25 не найден"
  },
  {
    "productId": 508,
    "reason": "Продукт с SKU GJSM1-2X3-4 не найден"
  },
  {
    "productId": 509,
    "reason": "Продукт с SKU FSHS12Х1-2 не найден"
  },
  {
    "productId": 510,
    "reason": "Продукт с SKU FRT1-2 не найден"
  },
  {
    "productId": 511,
    "reason": "Продукт с SKU CP1-2 не найден"
  },
  {
    "productId": 512,
    "reason": "Продукт с SKU CPH1-2Х3-4 не найден"
  },
  {
    "productId": 513,
    "reason": "Продукт с SKU CPH1-2Х3-8 не найден"
  },
  {
    "productId": 518,
    "reason": "Продукт с SKU SM2-B не найден"
  },
  {
    "productId": 522,
    "reason": "Продукт с SKU TS1140-W не найден"
  },
  {
    "productId": 531,
    "reason": "Продукт с SKU KT5-B не найден"
  },
  {
    "productId": 532,
    "reason": "Продукт с SKU NWS-SC22-B не найден"
  },
  {
    "productId": 533,
    "reason": "Продукт с SKU NWS-SC27-B не найден"
  },
  {
    "productId": 534,
    "reason": "Продукт с SKU NWS-SC32-B не найден"
  },
  {
    "productId": 535,
    "reason": "Продукт с SKU ML-RC01 не найден"
  },
  {
    "productId": 542,
    "reason": "Продукт с SKU MGW4-W не найден"
  },
  {
    "productId": 543,
    "reason": "Продукт с SKU MHW4-W не найден"
  },
  {
    "productId": 544,
    "reason": "Продукт с SKU NSFM2-B не найден"
  },
  {
    "productId": 547,
    "reason": "Продукт с SKU WPM10F-W не найден"
  },
  {
    "productId": 548,
    "reason": "Продукт с SKU WPM10T-W не найден"
  },
  {
    "productId": 549,
    "reason": "Продукт с SKU MM40-B не найден"
  },
  {
    "productId": 550,
    "reason": "Продукт с SKU MM60-B не найден"
  },
  {
    "productId": 551,
    "reason": "Продукт с SKU MM80-B не найден"
  },
  {
    "productId": 552,
    "reason": "Продукт с SKU CR3E-B не найден"
  },
  {
    "productId": 555,
    "reason": "Продукт с SKU H11-G не найден"
  },
  {
    "productId": 556,
    "reason": "Продукт с SKU H1-G не найден"
  },
  {
    "productId": 560,
    "reason": "Продукт с SKU SM2-BW не найден"
  },
  {
    "productId": 562,
    "reason": "Продукт с SKU SM6L-BW не найден"
  },
  {
    "productId": 614,
    "reason": "Продукт с SKU АМН01-B не найден"
  },
  {
    "productId": 616,
    "reason": "Продукт с SKU LMG8-W не найден"
  },
  {
    "productId": 619,
    "reason": "Продукт с SKU MCR2 не найден"
  },
  {
    "productId": 641,
    "reason": "Продукт с SKU G160-B-VP не найден"
  },
  {
    "productId": 642,
    "reason": "Продукт с SKU G160-W-VP не найден"
  },
  {
    "productId": 643,
    "reason": "Продукт с SKU D101E-B-VP не найден"
  },
  {
    "productId": 644,
    "reason": "Продукт с SKU D208FS-B-OLD не найден"
  },
  {
    "productId": 645,
    "reason": "Продукт с SKU D221E-B-VP не найден"
  },
  {
    "productId": 647,
    "reason": "Продукт с SKU D101FS-B-VP не найден"
  },
  {
    "productId": 648,
    "reason": "Продукт с SKU D121E-B-VP не найден"
  },
  {
    "productId": 649,
    "reason": "Продукт с SKU D208E-B-VP не найден"
  },
  {
    "productId": 651,
    "reason": "Продукт с SKU G80-B-NEW не найден"
  },
  {
    "productId": 656,
    "reason": "Продукт с SKU G50-BW_NEW не найден"
  },
  {
    "productId": 657,
    "reason": "Продукт с SKU G110-BW не найден"
  },
  {
    "productId": 661,
    "reason": "Продукт с SKU G110-BW__OLD не найден"
  }
]